# JRE version: OpenJDK Runtime Environment (8.0_51-b16) (build 1.8.0_51-b16)
# Java VM: OpenJDK 64-Bit Server VM (25.51-b03 mixed mode linux-amd64 compressed oops)
Heap:
 PSYoungGen      total 246784K, used 96K [0x00000000d8100000, 0x00000000e7300000, 0x0000000100000000)
  eden space 245760K, 0% used [0x00000000d8100000,0x00000000d8100000,0x00000000e7100000)
  from space 1024K, 9% used [0x00000000e7100000,0x00000000e7118000,0x00000000e7200000)
  to   space 1024K, 0% used [0x00000000e7200000,0x00000000e7200000,0x00000000e7300000)
 ParOldGen       total 81920K, used 496K [0x0000000088200000, 0x000000008d200000, 0x00000000d8100000)
  object space 81920K, 0% used [0x0000000088200000,0x000000008827c060,0x000000008d200000)
 Metaspace       used 3604K, capacity 4844K, committed 5120K, reserved 1056768K
  class space    used 345K, capacity 424K, committed 512K, reserved 1048576K
GC Heap History (10 events):
Event: 1.300 GC heap after
Heap after GC invocations=4 (full 0):
 PSYoungGen      total 66560K, used 496K [0x00000000d8100000, 0x00000000dc700000, 0x0000000100000000)
  eden space 61440K, 0% used [0x00000000d8100000,0x00000000d8100000,0x00000000dbd00000)
  from space 5120K, 9% used [0x00000000dc200000,0x00000000dc27c020,0x00000000dc700000)
  to   space 5120K, 0% used [0x00000000dbd00000,0x00000000dbd00000,0x00000000dc200000)
 ParOldGen       total 81920K, used 24K [0x0000000088200000, 0x000000008d200000, 0x00000000d8100000)
  object space 81920K, 0% used [0x0000000088200000,0x0000000088206000,0x000000008d200000)
 Metaspace       used 3604K, capacity 4844K, committed 5120K, reserved 1056768K
  class space    used 345K, capacity 424K, committed 512K, reserved 1048576K
}
Event: 1.602 GC heap before
{Heap before GC invocations=5 (full 0):
 PSYoungGen      total 66560K, used 61936K [0x00000000d8100000, 0x00000000dc700000, 0x0000000100000000)
  eden space 61440K, 100% used [0x00000000d8100000,0x00000000dbd00000,0x00000000dbd00000)
  from space 5120K, 9% used [0x00000000dc200000,0x00000000dc27c020,0x00000000dc700000)
  to   space 5120K, 0% used [0x00000000dbd00000,0x00000000dbd00000,0x00000000dc200000)
 ParOldGen       total 81920K, used 24K [0x0000000088200000, 0x000000008d200000, 0x00000000d8100000)
  object space 81920K, 0% used [0x0000000088200000,0x0000000088206000,0x000000008d200000)
 Metaspace       used 3604K, capacity 4844K, committed 5120K, reserved 1056768K
  class space    used 345K, capacity 424K, committed 512K, reserved 1048576K
Event: 1.604 GC heap after
Heap after GC invocations=5 (full 0):
 PSYoungGen      total 66560K, used 496K [0x00000000d8100000, 0x00000000dfb00000, 0x0000000100000000)
  eden space 61440K, 0% used [0x00000000d8100000,0x00000000d8100000,0x00000000dbd00000)
  from space 5120K, 9% used [0x00000000dbd00000,0x00000000dbd7c020,0x00000000dc200000)
  to   space 1024K, 0% used [0x00000000dfa00000,0x00000000dfa00000,0x00000000dfb00000)
 ParOldGen       total 81920K, used 32K [0x0000000088200000, 0x000000008d200000, 0x00000000d8100000)
  object space 81920K, 0% used [0x0000000088200000,0x0000000088208000,0x000000008d200000)
 Metaspace       used 3604K, capacity 4844K, committed 5120K, reserved 1056768K
  class space    used 345K, capacity 424K, committed 512K, reserved 1048576K
}
Event: 1.741 GC heap before
{Heap before GC invocations=6 (full 0):
 PSYoungGen      total 66560K, used 61936K [0x00000000d8100000, 0x00000000dfb00000, 0x0000000100000000)
  eden space 61440K, 100% used [0x00000000d8100000,0x00000000dbd00000,0x00000000dbd00000)
  from space 5120K, 9% used [0x00000000dbd00000,0x00000000dbd7c020,0x00000000dc200000)
  to   space 1024K, 0% used [0x00000000dfa00000,0x00000000dfa00000,0x00000000dfb00000)
 ParOldGen       total 81920K, used 32K [0x0000000088200000, 0x000000008d200000, 0x00000000d8100000)
  object space 81920K, 0% used [0x0000000088200000,0x0000000088208000,0x000000008d200000)
 Metaspace       used 3604K, capacity 4844K, committed 5120K, reserved 1056768K
  class space    used 345K, capacity 424K, committed 512K, reserved 1048576K
Event: 1.743 GC heap after
Heap after GC invocations=6 (full 0):
 PSYoungGen      total 123904K, used 464K [0x00000000d8100000, 0x00000000dfb00000, 0x0000000100000000)
  eden space 122880K, 0% used [0x00000000d8100000,0x00000000d8100000,0x00000000df900000)
  from space 1024K, 45% used [0x00000000dfa00000,0x00000000dfa74020,0x00000000dfb00000)
  to   space 1024K, 0% used [0x00000000df900000,0x00000000df900000,0x00000000dfa00000)
 ParOldGen       total 81920K, used 32K [0x0000000088200000, 0x000000008d200000, 0x00000000d8100000)
  object space 81920K, 0% used [0x0000000088200000,0x0000000088208000,0x000000008d200000)
 Metaspace       used 3604K, capacity 4844K, committed 5120K, reserved 1056768K
  class space    used 345K, capacity 424K, committed 512K, reserved 1048576K
}
Event: 2.187 GC heap before
{Heap before GC invocations=7 (full 0):
 PSYoungGen      total 123904K, used 123344K [0x00000000d8100000, 0x00000000dfb00000, 0x0000000100000000)
  eden space 122880K, 100% used [0x00000000d8100000,0x00000000df900000,0x00000000df900000)
  from space 1024K, 45% used [0x00000000dfa00000,0x00000000dfa74020,0x00000000dfb00000)
  to   space 1024K, 0% used [0x00000000df900000,0x00000000df900000,0x00000000dfa00000)
 ParOldGen       total 81920K, used 32K [0x0000000088200000, 0x000000008d200000, 0x00000000d8100000)
  object space 81920K, 0% used [0x0000000088200000,0x0000000088208000,0x000000008d200000)
 Metaspace       used 3604K, capacity 4844K, committed 5120K, reserved 1056768K
  class space    used 345K, capacity 424K, committed 512K, reserved 1048576K
Event: 2.190 GC heap after
Heap after GC invocations=7 (full 0):
 PSYoungGen      total 123904K, used 32K [0x00000000d8100000, 0x00000000e7300000, 0x0000000100000000)
  eden space 122880K, 0% used [0x00000000d8100000,0x00000000d8100000,0x00000000df900000)
  from space 1024K, 3% used [0x00000000df900000,0x00000000df908000,0x00000000dfa00000)
  to   space 1024K, 0% used [0x00000000e7200000,0x00000000e7200000,0x00000000e7300000)
 ParOldGen       total 81920K, used 488K [0x0000000088200000, 0x000000008d200000, 0x00000000d8100000)
  object space 81920K, 0% used [0x0000000088200000,0x000000008827a060,0x000000008d200000)
 Metaspace       used 3604K, capacity 4844K, committed 5120K, reserved 1056768K
  class space    used 345K, capacity 424K, committed 512K, reserved 1048576K
}
Event: 2.341 GC heap before
{Heap before GC invocations=8 (full 0):
 PSYoungGen      total 123904K, used 122912K [0x00000000d8100000, 0x00000000e7300000, 0x0000000100000000)
  eden space 122880K, 100% used [0x00000000d8100000,0x00000000df900000,0x00000000df900000)
  from space 1024K, 3% used [0x00000000df900000,0x00000000df908000,0x00000000dfa00000)
  to   space 1024K, 0% used [0x00000000e7200000,0x00000000e7200000,0x00000000e7300000)
 ParOldGen       total 81920K, used 488K [0x0000000088200000, 0x000000008d200000, 0x00000000d8100000)
  object space 81920K, 0% used [0x0000000088200000,0x000000008827a060,0x000000008d200000)
 Metaspace       used 3604K, capacity 4844K, committed 5120K, reserved 1056768K
  class space    used 345K, capacity 424K, committed 512K, reserved 1048576K
Event: 2.342 GC heap after
Heap after GC invocations=8 (full 0):
 PSYoungGen      total 246784K, used 32K [0x00000000d8100000, 0x00000000e7300000, 0x0000000100000000)
  eden space 245760K, 0% used [0x00000000d8100000,0x00000000d8100000,0x00000000e7100000)
  from space 1024K, 3% used [0x00000000e7200000,0x00000000e7208000,0x00000000e7300000)
  to   space 1024K, 0% used [0x00000000e7100000,0x00000000e7100000,0x00000000e7200000)
 ParOldGen       total 81920K, used 496K [0x0000000088200000, 0x000000008d200000, 0x00000000d8100000)
  object space 81920K, 0% used [0x0000000088200000,0x000000008827c060,0x000000008d200000)
 Metaspace       used 3604K, capacity 4844K, committed 5120K, reserved 1056768K
  class space    used 345K, capacity 424K, committed 512K, reserved 1048576K
}
Event: 18.180 GC heap before
{Heap before GC invocations=9 (full 0):
 PSYoungGen      total 246784K, used 245792K [0x00000000d8100000, 0x00000000e7300000, 0x0000000100000000)
  eden space 245760K, 100% used [0x00000000d8100000,0x00000000e7100000,0x00000000e7100000)
  from space 1024K, 3% used [0x00000000e7200000,0x00000000e7208000,0x00000000e7300000)
  to   space 1024K, 0% used [0x00000000e7100000,0x00000000e7100000,0x00000000e7200000)
 ParOldGen       total 81920K, used 496K [0x0000000088200000, 0x000000008d200000, 0x00000000d8100000)
  object space 81920K, 0% used [0x0000000088200000,0x000000008827c060,0x000000008d200000)
 Metaspace       used 3604K, capacity 4844K, committed 5120K, reserved 1056768K
  class space    used 345K, capacity 424K, committed 512K, reserved 1048576K

