# JRE version: OpenJDK Runtime Environment (8.0_51-b16) (build 1.8.0_51-b16)
# Java VM: OpenJDK 64-Bit Server VM (25.51-b03 mixed mode linux-amd64 compressed oops)
Heap:
 PSYoungGen      total 392704K, used 32K [0x00000000d8100000, 0x00000000f0180000, 0x0000000100000000)
  eden space 391680K, 0% used [0x00000000d8100000,0x00000000d8100000,0x00000000eff80000)
  from space 1024K, 3% used [0x00000000eff80000,0x00000000eff88000,0x00000000f0080000)
  to   space 1024K, 0% used [0x00000000f0080000,0x00000000f0080000,0x00000000f0180000)
 ParOldGen       total 81920K, used 492K [0x0000000088200000, 0x000000008d200000, 0x00000000d8100000)
  object space 81920K, 0% used [0x0000000088200000,0x000000008827b070,0x000000008d200000)
 Metaspace       used 3603K, capacity 4844K, committed 5120K, reserved 1056768K
  class space    used 345K, capacity 424K, committed 512K, reserved 1048576K
GC Heap History (10 events):
Event: 9.268 GC heap after
Heap after GC invocations=10 (full 0):
 PSYoungGen      total 225280K, used 32K [0x00000000d8100000, 0x00000000e7200000, 0x0000000100000000)
  eden space 224768K, 0% used [0x00000000d8100000,0x00000000d8100000,0x00000000e5c80000)
  from space 512K, 6% used [0x00000000e7180000,0x00000000e7188000,0x00000000e7200000)
  to   space 1024K, 0% used [0x00000000e7000000,0x00000000e7000000,0x00000000e7100000)
 ParOldGen       total 81920K, used 492K [0x0000000088200000, 0x000000008d200000, 0x00000000d8100000)
  object space 81920K, 0% used [0x0000000088200000,0x000000008827b070,0x000000008d200000)
 Metaspace       used 3603K, capacity 4844K, committed 5120K, reserved 1056768K
  class space    used 345K, capacity 424K, committed 512K, reserved 1048576K
}
Event: 9.467 GC heap before
{Heap before GC invocations=11 (full 0):
 PSYoungGen      total 225280K, used 224800K [0x00000000d8100000, 0x00000000e7200000, 0x0000000100000000)
  eden space 224768K, 100% used [0x00000000d8100000,0x00000000e5c80000,0x00000000e5c80000)
  from space 512K, 6% used [0x00000000e7180000,0x00000000e7188000,0x00000000e7200000)
  to   space 1024K, 0% used [0x00000000e7000000,0x00000000e7000000,0x00000000e7100000)
 ParOldGen       total 81920K, used 492K [0x0000000088200000, 0x000000008d200000, 0x00000000d8100000)
  object space 81920K, 0% used [0x0000000088200000,0x000000008827b070,0x000000008d200000)
 Metaspace       used 3603K, capacity 4844K, committed 5120K, reserved 1056768K
  class space    used 345K, capacity 424K, committed 512K, reserved 1048576K
Event: 9.467 GC heap after
Heap after GC invocations=11 (full 0):
 PSYoungGen      total 216064K, used 32K [0x00000000d8100000, 0x00000000e7200000, 0x0000000100000000)
  eden space 215040K, 0% used [0x00000000d8100000,0x00000000d8100000,0x00000000e5300000)
  from space 1024K, 3% used [0x00000000e7000000,0x00000000e7008000,0x00000000e7100000)
  to   space 1024K, 0% used [0x00000000e7100000,0x00000000e7100000,0x00000000e7200000)
 ParOldGen       total 81920K, used 492K [0x0000000088200000, 0x000000008d200000, 0x00000000d8100000)
  object space 81920K, 0% used [0x0000000088200000,0x000000008827b070,0x000000008d200000)
 Metaspace       used 3603K, capacity 4844K, committed 5120K, reserved 1056768K
  class space    used 345K, capacity 424K, committed 512K, reserved 1048576K
}
Event: 9.721 GC heap before
{Heap before GC invocations=12 (full 0):
 PSYoungGen      total 216064K, used 215072K [0x00000000d8100000, 0x00000000e7200000, 0x0000000100000000)
  eden space 215040K, 100% used [0x00000000d8100000,0x00000000e5300000,0x00000000e5300000)
  from space 1024K, 3% used [0x00000000e7000000,0x00000000e7008000,0x00000000e7100000)
  to   space 1024K, 0% used [0x00000000e7100000,0x00000000e7100000,0x00000000e7200000)
 ParOldGen       total 81920K, used 492K [0x0000000088200000, 0x000000008d200000, 0x00000000d8100000)
  object space 81920K, 0% used [0x0000000088200000,0x000000008827b070,0x000000008d200000)
 Metaspace       used 3603K, capacity 4844K, committed 5120K, reserved 1056768K
  class space    used 345K, capacity 424K, committed 512K, reserved 1048576K
Event: 12.598 GC heap after
Heap after GC invocations=12 (full 0):
 PSYoungGen      total 245760K, used 64K [0x00000000d8100000, 0x00000000ed300000, 0x0000000100000000)
  eden space 244736K, 0% used [0x00000000d8100000,0x00000000d8100000,0x00000000e7000000)
  from space 1024K, 6% used [0x00000000e7100000,0x00000000e7110000,0x00000000e7200000)
  to   space 1024K, 0% used [0x00000000e7000000,0x00000000e7000000,0x00000000e7100000)
 ParOldGen       total 81920K, used 492K [0x0000000088200000, 0x000000008d200000, 0x00000000d8100000)
  object space 81920K, 0% used [0x0000000088200000,0x000000008827b070,0x000000008d200000)
 Metaspace       used 3603K, capacity 4844K, committed 5120K, reserved 1056768K
  class space    used 345K, capacity 424K, committed 512K, reserved 1048576K
}
Event: 15.927 GC heap before
{Heap before GC invocations=13 (full 0):
 PSYoungGen      total 245760K, used 244800K [0x00000000d8100000, 0x00000000ed300000, 0x0000000100000000)
  eden space 244736K, 100% used [0x00000000d8100000,0x00000000e7000000,0x00000000e7000000)
  from space 1024K, 6% used [0x00000000e7100000,0x00000000e7110000,0x00000000e7200000)
  to   space 1024K, 0% used [0x00000000e7000000,0x00000000e7000000,0x00000000e7100000)
 ParOldGen       total 81920K, used 492K [0x0000000088200000, 0x000000008d200000, 0x00000000d8100000)
  object space 81920K, 0% used [0x0000000088200000,0x000000008827b070,0x000000008d200000)
 Metaspace       used 3603K, capacity 4844K, committed 5120K, reserved 1056768K
  class space    used 345K, capacity 424K, committed 512K, reserved 1048576K
Event: 15.952 GC heap after
Heap after GC invocations=13 (full 0):
 PSYoungGen      total 245760K, used 64K [0x00000000d8100000, 0x00000000f0180000, 0x0000000100000000)
  eden space 244736K, 0% used [0x00000000d8100000,0x00000000d8100000,0x00000000e7000000)
  from space 1024K, 6% used [0x00000000e7000000,0x00000000e7010000,0x00000000e7100000)
  to   space 1024K, 0% used [0x00000000f0080000,0x00000000f0080000,0x00000000f0180000)
 ParOldGen       total 81920K, used 492K [0x0000000088200000, 0x000000008d200000, 0x00000000d8100000)
  object space 81920K, 0% used [0x0000000088200000,0x000000008827b070,0x000000008d200000)
 Metaspace       used 3603K, capacity 4844K, committed 5120K, reserved 1056768K
  class space    used 345K, capacity 424K, committed 512K, reserved 1048576K
}
Event: 16.342 GC heap before
{Heap before GC invocations=14 (full 0):
 PSYoungGen      total 245760K, used 244800K [0x00000000d8100000, 0x00000000f0180000, 0x0000000100000000)
  eden space 244736K, 100% used [0x00000000d8100000,0x00000000e7000000,0x00000000e7000000)
  from space 1024K, 6% used [0x00000000e7000000,0x00000000e7010000,0x00000000e7100000)
  to   space 1024K, 0% used [0x00000000f0080000,0x00000000f0080000,0x00000000f0180000)
 ParOldGen       total 81920K, used 492K [0x0000000088200000, 0x000000008d200000, 0x00000000d8100000)
  object space 81920K, 0% used [0x0000000088200000,0x000000008827b070,0x000000008d200000)
 Metaspace       used 3603K, capacity 4844K, committed 5120K, reserved 1056768K
  class space    used 345K, capacity 424K, committed 512K, reserved 1048576K
Event: 16.342 GC heap after
Heap after GC invocations=14 (full 0):
 PSYoungGen      total 392704K, used 64K [0x00000000d8100000, 0x00000000f0180000, 0x0000000100000000)
  eden space 391680K, 0% used [0x00000000d8100000,0x00000000d8100000,0x00000000eff80000)
  from space 1024K, 6% used [0x00000000f0080000,0x00000000f0090000,0x00000000f0180000)
  to   space 1024K, 0% used [0x00000000eff80000,0x00000000eff80000,0x00000000f0080000)
 ParOldGen       total 81920K, used 492K [0x0000000088200000, 0x000000008d200000, 0x00000000d8100000)
  object space 81920K, 0% used [0x0000000088200000,0x000000008827b070,0x000000008d200000)
 Metaspace       used 3603K, capacity 4844K, committed 5120K, reserved 1056768K
  class space    used 345K, capacity 424K, committed 512K, reserved 1048576K
}
Event: 60.567 GC heap before
{Heap before GC invocations=15 (full 0):
 PSYoungGen      total 392704K, used 391744K [0x00000000d8100000, 0x00000000f0180000, 0x0000000100000000)
  eden space 391680K, 100% used [0x00000000d8100000,0x00000000eff80000,0x00000000eff80000)
  from space 1024K, 6% used [0x00000000f0080000,0x00000000f0090000,0x00000000f0180000)
  to   space 1024K, 0% used [0x00000000eff80000,0x00000000eff80000,0x00000000f0080000)
 ParOldGen       total 81920K, used 492K [0x0000000088200000, 0x000000008d200000, 0x00000000d8100000)
  object space 81920K, 0% used [0x0000000088200000,0x000000008827b070,0x000000008d200000)
 Metaspace       used 3603K, capacity 4844K, committed 5120K, reserved 1056768K
  class space    used 345K, capacity 424K, committed 512K, reserved 1048576K

