# JRE version: OpenJDK Runtime Environment (8.0_51-b16) (build 1.8.0_51-b16)
# Java VM: OpenJDK 64-Bit Server VM (25.51-b03 mixed mode linux-amd64 compressed oops)
Heap:
 PSYoungGen      total 469504K, used 32K [0x00000000d8100000, 0x00000000f4c00000, 0x0000000100000000)
  eden space 468992K, 0% used [0x00000000d8100000,0x00000000d8100000,0x00000000f4b00000)
  from space 512K, 6% used [0x00000000f4b00000,0x00000000f4b08000,0x00000000f4b80000)
  to   space 512K, 0% used [0x00000000f4b80000,0x00000000f4b80000,0x00000000f4c00000)
 ParOldGen       total 81920K, used 492K [0x0000000088200000, 0x000000008d200000, 0x00000000d8100000)
  object space 81920K, 0% used [0x0000000088200000,0x000000008827b070,0x000000008d200000)
 Metaspace       used 3605K, capacity 4844K, committed 5120K, reserved 1056768K
  class space    used 345K, capacity 424K, committed 512K, reserved 1048576K
GC Heap History (10 events):
Event: 725.425 GC heap after
Heap after GC invocations=6268 (full 0):
 PSYoungGen      total 307712K, used 32K [0x00000000d8100000, 0x00000000eff80000, 0x0000000100000000)
  eden space 307200K, 0% used [0x00000000d8100000,0x00000000d8100000,0x00000000ead00000)
  from space 512K, 6% used [0x00000000eff00000,0x00000000eff08000,0x00000000eff80000)
  to   space 512K, 0% used [0x00000000efe80000,0x00000000efe80000,0x00000000eff00000)
 ParOldGen       total 81920K, used 492K [0x0000000088200000, 0x000000008d200000, 0x00000000d8100000)
  object space 81920K, 0% used [0x0000000088200000,0x000000008827b070,0x000000008d200000)
 Metaspace       used 3605K, capacity 4844K, committed 5120K, reserved 1056768K
  class space    used 345K, capacity 424K, committed 512K, reserved 1048576K
}
Event: 726.010 GC heap before
{Heap before GC invocations=6269 (full 0):
 PSYoungGen      total 307712K, used 307232K [0x00000000d8100000, 0x00000000eff80000, 0x0000000100000000)
  eden space 307200K, 100% used [0x00000000d8100000,0x00000000ead00000,0x00000000ead00000)
  from space 512K, 6% used [0x00000000eff00000,0x00000000eff08000,0x00000000eff80000)
  to   space 512K, 0% used [0x00000000efe80000,0x00000000efe80000,0x00000000eff00000)
 ParOldGen       total 81920K, used 492K [0x0000000088200000, 0x000000008d200000, 0x00000000d8100000)
  object space 81920K, 0% used [0x0000000088200000,0x000000008827b070,0x000000008d200000)
 Metaspace       used 3605K, capacity 4844K, committed 5120K, reserved 1056768K
  class space    used 345K, capacity 424K, committed 512K, reserved 1048576K
Event: 726.010 GC heap after
Heap after GC invocations=6269 (full 0):
 PSYoungGen      total 369152K, used 32K [0x00000000d8100000, 0x00000000eff80000, 0x0000000100000000)
  eden space 368640K, 0% used [0x00000000d8100000,0x00000000d8100000,0x00000000ee900000)
  from space 512K, 6% used [0x00000000efe80000,0x00000000efe88000,0x00000000eff00000)
  to   space 512K, 0% used [0x00000000eff00000,0x00000000eff00000,0x00000000eff80000)
 ParOldGen       total 81920K, used 492K [0x0000000088200000, 0x000000008d200000, 0x00000000d8100000)
  object space 81920K, 0% used [0x0000000088200000,0x000000008827b070,0x000000008d200000)
 Metaspace       used 3605K, capacity 4844K, committed 5120K, reserved 1056768K
  class space    used 345K, capacity 424K, committed 512K, reserved 1048576K
}
Event: 730.086 GC heap before
{Heap before GC invocations=6270 (full 0):
 PSYoungGen      total 369152K, used 368672K [0x00000000d8100000, 0x00000000eff80000, 0x0000000100000000)
  eden space 368640K, 100% used [0x00000000d8100000,0x00000000ee900000,0x00000000ee900000)
  from space 512K, 6% used [0x00000000efe80000,0x00000000efe88000,0x00000000eff00000)
  to   space 512K, 0% used [0x00000000eff00000,0x00000000eff00000,0x00000000eff80000)
 ParOldGen       total 81920K, used 492K [0x0000000088200000, 0x000000008d200000, 0x00000000d8100000)
  object space 81920K, 0% used [0x0000000088200000,0x000000008827b070,0x000000008d200000)
 Metaspace       used 3605K, capacity 4844K, committed 5120K, reserved 1056768K
  class space    used 345K, capacity 424K, committed 512K, reserved 1048576K
Event: 730.273 GC heap after
Heap after GC invocations=6270 (full 0):
 PSYoungGen      total 391168K, used 64K [0x00000000d8100000, 0x00000000f3200000, 0x0000000100000000)
  eden space 390656K, 0% used [0x00000000d8100000,0x00000000d8100000,0x00000000efe80000)
  from space 512K, 12% used [0x00000000eff00000,0x00000000eff10000,0x00000000eff80000)
  to   space 512K, 0% used [0x00000000efe80000,0x00000000efe80000,0x00000000eff00000)
 ParOldGen       total 81920K, used 492K [0x0000000088200000, 0x000000008d200000, 0x00000000d8100000)
  object space 81920K, 0% used [0x0000000088200000,0x000000008827b070,0x000000008d200000)
 Metaspace       used 3605K, capacity 4844K, committed 5120K, reserved 1056768K
  class space    used 345K, capacity 424K, committed 512K, reserved 1048576K
}
Event: 730.800 GC heap before
{Heap before GC invocations=6271 (full 0):
 PSYoungGen      total 391168K, used 390720K [0x00000000d8100000, 0x00000000f3200000, 0x0000000100000000)
  eden space 390656K, 100% used [0x00000000d8100000,0x00000000efe80000,0x00000000efe80000)
  from space 512K, 12% used [0x00000000eff00000,0x00000000eff10000,0x00000000eff80000)
  to   space 512K, 0% used [0x00000000efe80000,0x00000000efe80000,0x00000000eff00000)
 ParOldGen       total 81920K, used 492K [0x0000000088200000, 0x000000008d200000, 0x00000000d8100000)
  object space 81920K, 0% used [0x0000000088200000,0x000000008827b070,0x000000008d200000)
 Metaspace       used 3605K, capacity 4844K, committed 5120K, reserved 1056768K
  class space    used 345K, capacity 424K, committed 512K, reserved 1048576K
Event: 730.800 GC heap after
Heap after GC invocations=6271 (full 0):
 PSYoungGen      total 391168K, used 64K [0x00000000d8100000, 0x00000000f4c00000, 0x0000000100000000)
  eden space 390656K, 0% used [0x00000000d8100000,0x00000000d8100000,0x00000000efe80000)
  from space 512K, 12% used [0x00000000efe80000,0x00000000efe90000,0x00000000eff00000)
  to   space 512K, 0% used [0x00000000f4b80000,0x00000000f4b80000,0x00000000f4c00000)
 ParOldGen       total 81920K, used 492K [0x0000000088200000, 0x000000008d200000, 0x00000000d8100000)
  object space 81920K, 0% used [0x0000000088200000,0x000000008827b070,0x000000008d200000)
 Metaspace       used 3605K, capacity 4844K, committed 5120K, reserved 1056768K
  class space    used 345K, capacity 424K, committed 512K, reserved 1048576K
}
Event: 731.508 GC heap before
{Heap before GC invocations=6272 (full 0):
 PSYoungGen      total 391168K, used 390720K [0x00000000d8100000, 0x00000000f4c00000, 0x0000000100000000)
  eden space 390656K, 100% used [0x00000000d8100000,0x00000000efe80000,0x00000000efe80000)
  from space 512K, 12% used [0x00000000efe80000,0x00000000efe90000,0x00000000eff00000)
  to   space 512K, 0% used [0x00000000f4b80000,0x00000000f4b80000,0x00000000f4c00000)
 ParOldGen       total 81920K, used 492K [0x0000000088200000, 0x000000008d200000, 0x00000000d8100000)
  object space 81920K, 0% used [0x0000000088200000,0x000000008827b070,0x000000008d200000)
 Metaspace       used 3605K, capacity 4844K, committed 5120K, reserved 1056768K
  class space    used 345K, capacity 424K, committed 512K, reserved 1048576K
Event: 733.710 GC heap after
Heap after GC invocations=6272 (full 0):
 PSYoungGen      total 469504K, used 64K [0x00000000d8100000, 0x00000000f4c00000, 0x0000000100000000)
  eden space 468992K, 0% used [0x00000000d8100000,0x00000000d8100000,0x00000000f4b00000)
  from space 512K, 12% used [0x00000000f4b80000,0x00000000f4b90000,0x00000000f4c00000)
  to   space 512K, 0% used [0x00000000f4b00000,0x00000000f4b00000,0x00000000f4b80000)
 ParOldGen       total 81920K, used 492K [0x0000000088200000, 0x000000008d200000, 0x00000000d8100000)
  object space 81920K, 0% used [0x0000000088200000,0x000000008827b070,0x000000008d200000)
 Metaspace       used 3605K, capacity 4844K, committed 5120K, reserved 1056768K
  class space    used 345K, capacity 424K, committed 512K, reserved 1048576K
}
Event: 787.617 GC heap before
{Heap before GC invocations=6273 (full 0):
 PSYoungGen      total 469504K, used 469056K [0x00000000d8100000, 0x00000000f4c00000, 0x0000000100000000)
  eden space 468992K, 100% used [0x00000000d8100000,0x00000000f4b00000,0x00000000f4b00000)
  from space 512K, 12% used [0x00000000f4b80000,0x00000000f4b90000,0x00000000f4c00000)
  to   space 512K, 0% used [0x00000000f4b00000,0x00000000f4b00000,0x00000000f4b80000)
 ParOldGen       total 81920K, used 492K [0x0000000088200000, 0x000000008d200000, 0x00000000d8100000)
  object space 81920K, 0% used [0x0000000088200000,0x000000008827b070,0x000000008d200000)
 Metaspace       used 3605K, capacity 4844K, committed 5120K, reserved 1056768K
  class space    used 345K, capacity 424K, committed 512K, reserved 1048576K

